# JRE version: OpenJDK Runtime Environment Temurin-17.0.12+7 (17.0.12+7) (build 17.0.12+7)
# Java VM: OpenJDK 64-Bit Server VM Temurin-17.0.12+7 (17.0.12+7, mixed mode, tiered, compressed oops, compressed class ptrs, parallel gc, windows-amd64)
GC Precious Log:
 CPUs: 16 total, 16 available
 Memory: 7914M
 Large Page Support: Disabled
 NUMA Support: Disabled
 Compressed Oops: Enabled (32-bit)
 Alignments: Space 512K, Generation 512K, Heap 2M
 Heap Min Capacity: 100M
 Heap Initial Capacity: 100M
 Heap Max Capacity: 1G
 Pre-touch: Disabled
 Parallel Workers: 13
Heap:
 PSYoungGen      total 22528K, used 9371K [0x00000000eab00000, 0x00000000ec600000, 0x0000000100000000)
  eden space 18432K, 28% used [0x00000000eab00000,0x00000000eb028a60,0x00000000ebd00000)
  from space 4096K, 99% used [0x00000000ebe00000,0x00000000ec1fe230,0x00000000ec200000)
  to   space 3584K, 0% used [0x00000000ec280000,0x00000000ec280000,0x00000000ec600000)
 ParOldGen       total 96768K, used 68144K [0x00000000c0000000, 0x00000000c5e80000, 0x00000000eab00000)
  object space 96768K, 70% used [0x00000000c0000000,0x00000000c428c168,0x00000000c5e80000)
 Metaspace       used 61648K, committed 62848K, reserved 1114112K
  class space    used 6560K, committed 7104K, reserved 1048576K
GC Heap History (20 events):
Event: 49.316 GC heap before
{Heap before GC invocations=35 (full 2):
 PSYoungGen      total 20480K, used 20470K [0x00000000eab00000, 0x00000000ec580000, 0x0000000100000000)
  eden space 18944K, 100% used [0x00000000eab00000,0x00000000ebd80000,0x00000000ebd80000)
  from space 1536K, 99% used [0x00000000ec380000,0x00000000ec4fd8b0,0x00000000ec500000)
  to   space 4096K, 0% used [0x00000000ebd80000,0x00000000ebd80000,0x00000000ec180000)
 ParOldGen       total 68608K, used 49613K [0x00000000c0000000, 0x00000000c4300000, 0x00000000eab00000)
  object space 68608K, 72% used [0x00000000c0000000,0x00000000c30736a8,0x00000000c4300000)
 Metaspace       used 58542K, committed 59648K, reserved 1114112K
  class space    used 6230K, committed 6720K, reserved 1048576K
}
Event: 49.327 GC heap after
{Heap after GC invocations=35 (full 2):
 PSYoungGen      total 22016K, used 2752K [0x00000000eab00000, 0x00000000ec400000, 0x0000000100000000)
  eden space 18944K, 0% used [0x00000000eab00000,0x00000000eab00000,0x00000000ebd80000)
  from space 3072K, 89% used [0x00000000ebd80000,0x00000000ec030158,0x00000000ec080000)
  to   space 3072K, 0% used [0x00000000ec100000,0x00000000ec100000,0x00000000ec400000)
 ParOldGen       total 68608K, used 51104K [0x00000000c0000000, 0x00000000c4300000, 0x00000000eab00000)
  object space 68608K, 74% used [0x00000000c0000000,0x00000000c31e8108,0x00000000c4300000)
 Metaspace       used 58542K, committed 59648K, reserved 1114112K
  class space    used 6230K, committed 6720K, reserved 1048576K
}
Event: 49.784 GC heap before
{Heap before GC invocations=36 (full 2):
 PSYoungGen      total 22016K, used 15788K [0x00000000eab00000, 0x00000000ec400000, 0x0000000100000000)
  eden space 18944K, 68% used [0x00000000eab00000,0x00000000eb7bb238,0x00000000ebd80000)
  from space 3072K, 89% used [0x00000000ebd80000,0x00000000ec030158,0x00000000ec080000)
  to   space 3072K, 0% used [0x00000000ec100000,0x00000000ec100000,0x00000000ec400000)
 ParOldGen       total 68608K, used 51104K [0x00000000c0000000, 0x00000000c4300000, 0x00000000eab00000)
  object space 68608K, 74% used [0x00000000c0000000,0x00000000c31e8108,0x00000000c4300000)
 Metaspace       used 58688K, committed 59776K, reserved 1114112K
  class space    used 6241K, committed 6784K, reserved 1048576K
}
Event: 49.793 GC heap after
{Heap after GC invocations=36 (full 2):
 PSYoungGen      total 22016K, used 2780K [0x00000000eab00000, 0x00000000ec400000, 0x0000000100000000)
  eden space 18944K, 0% used [0x00000000eab00000,0x00000000eab00000,0x00000000ebd80000)
  from space 3072K, 90% used [0x00000000ec100000,0x00000000ec3b73f8,0x00000000ec400000)
  to   space 3072K, 0% used [0x00000000ebd80000,0x00000000ebd80000,0x00000000ec080000)
 ParOldGen       total 68608K, used 53494K [0x00000000c0000000, 0x00000000c4300000, 0x00000000eab00000)
  object space 68608K, 77% used [0x00000000c0000000,0x00000000c343da38,0x00000000c4300000)
 Metaspace       used 58688K, committed 59776K, reserved 1114112K
  class space    used 6241K, committed 6784K, reserved 1048576K
}
Event: 49.793 GC heap before
{Heap before GC invocations=37 (full 3):
 PSYoungGen      total 22016K, used 2780K [0x00000000eab00000, 0x00000000ec400000, 0x0000000100000000)
  eden space 18944K, 0% used [0x00000000eab00000,0x00000000eab00000,0x00000000ebd80000)
  from space 3072K, 90% used [0x00000000ec100000,0x00000000ec3b73f8,0x00000000ec400000)
  to   space 3072K, 0% used [0x00000000ebd80000,0x00000000ebd80000,0x00000000ec080000)
 ParOldGen       total 68608K, used 53494K [0x00000000c0000000, 0x00000000c4300000, 0x00000000eab00000)
  object space 68608K, 77% used [0x00000000c0000000,0x00000000c343da38,0x00000000c4300000)
 Metaspace       used 58688K, committed 59776K, reserved 1114112K
  class space    used 6241K, committed 6784K, reserved 1048576K
}
Event: 50.305 GC heap after
{Heap after GC invocations=37 (full 3):
 PSYoungGen      total 22016K, used 0K [0x00000000eab00000, 0x00000000ec400000, 0x0000000100000000)
  eden space 18944K, 0% used [0x00000000eab00000,0x00000000eab00000,0x00000000ebd80000)
  from space 3072K, 0% used [0x00000000ec100000,0x00000000ec100000,0x00000000ec400000)
  to   space 3072K, 0% used [0x00000000ebd80000,0x00000000ebd80000,0x00000000ec080000)
 ParOldGen       total 68608K, used 48814K [0x00000000c0000000, 0x00000000c4300000, 0x00000000eab00000)
  object space 68608K, 71% used [0x00000000c0000000,0x00000000c2fabb60,0x00000000c4300000)
 Metaspace       used 58688K, committed 59776K, reserved 1114112K
  class space    used 6241K, committed 6784K, reserved 1048576K
}
Event: 50.609 GC heap before
{Heap before GC invocations=38 (full 3):
 PSYoungGen      total 22016K, used 18944K [0x00000000eab00000, 0x00000000ec400000, 0x0000000100000000)
  eden space 18944K, 100% used [0x00000000eab00000,0x00000000ebd80000,0x00000000ebd80000)
  from space 3072K, 0% used [0x00000000ec100000,0x00000000ec100000,0x00000000ec400000)
  to   space 3072K, 0% used [0x00000000ebd80000,0x00000000ebd80000,0x00000000ec080000)
 ParOldGen       total 68608K, used 48814K [0x00000000c0000000, 0x00000000c4300000, 0x00000000eab00000)
  object space 68608K, 71% used [0x00000000c0000000,0x00000000c2fabb60,0x00000000c4300000)
 Metaspace       used 58972K, committed 60032K, reserved 1114112K
  class space    used 6274K, committed 6784K, reserved 1048576K
}
Event: 50.614 GC heap after
{Heap after GC invocations=38 (full 3):
 PSYoungGen      total 22016K, used 3047K [0x00000000eab00000, 0x00000000ec480000, 0x0000000100000000)
  eden space 18944K, 0% used [0x00000000eab00000,0x00000000eab00000,0x00000000ebd80000)
  from space 3072K, 99% used [0x00000000ebd80000,0x00000000ec079f58,0x00000000ec080000)
  to   space 3584K, 0% used [0x00000000ec100000,0x00000000ec100000,0x00000000ec480000)
 ParOldGen       total 68608K, used 49054K [0x00000000c0000000, 0x00000000c4300000, 0x00000000eab00000)
  object space 68608K, 71% used [0x00000000c0000000,0x00000000c2fe7b60,0x00000000c4300000)
 Metaspace       used 58972K, committed 60032K, reserved 1114112K
  class space    used 6274K, committed 6784K, reserved 1048576K
}
Event: 50.815 GC heap before
{Heap before GC invocations=39 (full 3):
 PSYoungGen      total 22016K, used 21991K [0x00000000eab00000, 0x00000000ec480000, 0x0000000100000000)
  eden space 18944K, 100% used [0x00000000eab00000,0x00000000ebd80000,0x00000000ebd80000)
  from space 3072K, 99% used [0x00000000ebd80000,0x00000000ec079f58,0x00000000ec080000)
  to   space 3584K, 0% used [0x00000000ec100000,0x00000000ec100000,0x00000000ec480000)
 ParOldGen       total 68608K, used 49054K [0x00000000c0000000, 0x00000000c4300000, 0x00000000eab00000)
  object space 68608K, 71% used [0x00000000c0000000,0x00000000c2fe7b60,0x00000000c4300000)
 Metaspace       used 59266K, committed 60416K, reserved 1114112K
  class space    used 6304K, committed 6848K, reserved 1048576K
}
Event: 50.825 GC heap after
{Heap after GC invocations=39 (full 3):
 PSYoungGen      total 22016K, used 3529K [0x00000000eab00000, 0x00000000ec580000, 0x0000000100000000)
  eden space 18432K, 0% used [0x00000000eab00000,0x00000000eab00000,0x00000000ebd00000)
  from space 3584K, 98% used [0x00000000ec100000,0x00000000ec472708,0x00000000ec480000)
  to   space 4096K, 0% used [0x00000000ebd00000,0x00000000ebd00000,0x00000000ec100000)
 ParOldGen       total 68608K, used 52143K [0x00000000c0000000, 0x00000000c4300000, 0x00000000eab00000)
  object space 68608K, 76% used [0x00000000c0000000,0x00000000c32ebf60,0x00000000c4300000)
 Metaspace       used 59266K, committed 60416K, reserved 1114112K
  class space    used 6304K, committed 6848K, reserved 1048576K
}
Event: 51.024 GC heap before
{Heap before GC invocations=40 (full 3):
 PSYoungGen      total 22016K, used 21961K [0x00000000eab00000, 0x00000000ec580000, 0x0000000100000000)
  eden space 18432K, 100% used [0x00000000eab00000,0x00000000ebd00000,0x00000000ebd00000)
  from space 3584K, 98% used [0x00000000ec100000,0x00000000ec472708,0x00000000ec480000)
  to   space 4096K, 0% used [0x00000000ebd00000,0x00000000ebd00000,0x00000000ec100000)
 ParOldGen       total 68608K, used 52143K [0x00000000c0000000, 0x00000000c4300000, 0x00000000eab00000)
  object space 68608K, 76% used [0x00000000c0000000,0x00000000c32ebf60,0x00000000c4300000)
 Metaspace       used 59724K, committed 60864K, reserved 1114112K
  class space    used 6329K, committed 6848K, reserved 1048576K
}
Event: 51.030 GC heap after
{Heap after GC invocations=40 (full 3):
 PSYoungGen      total 22528K, used 3608K [0x00000000eab00000, 0x00000000ec500000, 0x0000000100000000)
  eden space 18432K, 0% used [0x00000000eab00000,0x00000000eab00000,0x00000000ebd00000)
  from space 4096K, 88% used [0x00000000ebd00000,0x00000000ec086268,0x00000000ec100000)
  to   space 4096K, 0% used [0x00000000ec100000,0x00000000ec100000,0x00000000ec500000)
 ParOldGen       total 68608K, used 55294K [0x00000000c0000000, 0x00000000c4300000, 0x00000000eab00000)
  object space 68608K, 80% used [0x00000000c0000000,0x00000000c35ffab0,0x00000000c4300000)
 Metaspace       used 59724K, committed 60864K, reserved 1114112K
  class space    used 6329K, committed 6848K, reserved 1048576K
}
Event: 51.229 GC heap before
{Heap before GC invocations=41 (full 3):
 PSYoungGen      total 22528K, used 22040K [0x00000000eab00000, 0x00000000ec500000, 0x0000000100000000)
  eden space 18432K, 100% used [0x00000000eab00000,0x00000000ebd00000,0x00000000ebd00000)
  from space 4096K, 88% used [0x00000000ebd00000,0x00000000ec086268,0x00000000ec100000)
  to   space 4096K, 0% used [0x00000000ec100000,0x00000000ec100000,0x00000000ec500000)
 ParOldGen       total 68608K, used 55294K [0x00000000c0000000, 0x00000000c4300000, 0x00000000eab00000)
  object space 68608K, 80% used [0x00000000c0000000,0x00000000c35ffab0,0x00000000c4300000)
 Metaspace       used 60110K, committed 61184K, reserved 1114112K
  class space    used 6366K, committed 6848K, reserved 1048576K
}
Event: 51.234 GC heap after
{Heap after GC invocations=41 (full 3):
 PSYoungGen      total 22528K, used 3917K [0x00000000eab00000, 0x00000000ec500000, 0x0000000100000000)
  eden space 18432K, 0% used [0x00000000eab00000,0x00000000eab00000,0x00000000ebd00000)
  from space 4096K, 95% used [0x00000000ec100000,0x00000000ec4d3748,0x00000000ec500000)
  to   space 4096K, 0% used [0x00000000ebd00000,0x00000000ebd00000,0x00000000ec100000)
 ParOldGen       total 68608K, used 58614K [0x00000000c0000000, 0x00000000c4300000, 0x00000000eab00000)
  object space 68608K, 85% used [0x00000000c0000000,0x00000000c393da40,0x00000000c4300000)
 Metaspace       used 60110K, committed 61184K, reserved 1114112K
  class space    used 6366K, committed 6848K, reserved 1048576K
}
Event: 51.448 GC heap before
{Heap before GC invocations=42 (full 3):
 PSYoungGen      total 22528K, used 22349K [0x00000000eab00000, 0x00000000ec500000, 0x0000000100000000)
  eden space 18432K, 100% used [0x00000000eab00000,0x00000000ebd00000,0x00000000ebd00000)
  from space 4096K, 95% used [0x00000000ec100000,0x00000000ec4d3748,0x00000000ec500000)
  to   space 4096K, 0% used [0x00000000ebd00000,0x00000000ebd00000,0x00000000ec100000)
 ParOldGen       total 68608K, used 58614K [0x00000000c0000000, 0x00000000c4300000, 0x00000000eab00000)
  object space 68608K, 85% used [0x00000000c0000000,0x00000000c393da40,0x00000000c4300000)
 Metaspace       used 60283K, committed 61376K, reserved 1114112K
  class space    used 6384K, committed 6912K, reserved 1048576K
}
Event: 51.454 GC heap after
{Heap after GC invocations=42 (full 3):
 PSYoungGen      total 22528K, used 4095K [0x00000000eab00000, 0x00000000ece00000, 0x0000000100000000)
  eden space 18432K, 0% used [0x00000000eab00000,0x00000000eab00000,0x00000000ebd00000)
  from space 4096K, 99% used [0x00000000ebd00000,0x00000000ec0fff10,0x00000000ec100000)
  to   space 8704K, 0% used [0x00000000ec580000,0x00000000ec580000,0x00000000ece00000)
 ParOldGen       total 68608K, used 62365K [0x00000000c0000000, 0x00000000c4300000, 0x00000000eab00000)
  object space 68608K, 90% used [0x00000000c0000000,0x00000000c3ce76a0,0x00000000c4300000)
 Metaspace       used 60283K, committed 61376K, reserved 1114112K
  class space    used 6384K, committed 6912K, reserved 1048576K
}
Event: 51.652 GC heap before
{Heap before GC invocations=43 (full 3):
 PSYoungGen      total 22528K, used 22527K [0x00000000eab00000, 0x00000000ece00000, 0x0000000100000000)
  eden space 18432K, 100% used [0x00000000eab00000,0x00000000ebd00000,0x00000000ebd00000)
  from space 4096K, 99% used [0x00000000ebd00000,0x00000000ec0fff10,0x00000000ec100000)
  to   space 8704K, 0% used [0x00000000ec580000,0x00000000ec580000,0x00000000ece00000)
 ParOldGen       total 68608K, used 62365K [0x00000000c0000000, 0x00000000c4300000, 0x00000000eab00000)
  object space 68608K, 90% used [0x00000000c0000000,0x00000000c3ce76a0,0x00000000c4300000)
 Metaspace       used 60611K, committed 61760K, reserved 1114112K
  class space    used 6427K, committed 6976K, reserved 1048576K
}
Event: 51.661 GC heap after
{Heap after GC invocations=43 (full 3):
 PSYoungGen      total 23040K, used 4328K [0x00000000eab00000, 0x00000000eca00000, 0x0000000100000000)
  eden space 18432K, 0% used [0x00000000eab00000,0x00000000eab00000,0x00000000ebd00000)
  from space 4608K, 93% used [0x00000000ec580000,0x00000000ec9ba068,0x00000000eca00000)
  to   space 5632K, 0% used [0x00000000ebf00000,0x00000000ebf00000,0x00000000ec480000)
 ParOldGen       total 68608K, used 66257K [0x00000000c0000000, 0x00000000c4300000, 0x00000000eab00000)
  object space 68608K, 96% used [0x00000000c0000000,0x00000000c40b44b8,0x00000000c4300000)
 Metaspace       used 60611K, committed 61760K, reserved 1114112K
  class space    used 6427K, committed 6976K, reserved 1048576K
}
Event: 51.661 GC heap before
{Heap before GC invocations=44 (full 4):
 PSYoungGen      total 23040K, used 4328K [0x00000000eab00000, 0x00000000eca00000, 0x0000000100000000)
  eden space 18432K, 0% used [0x00000000eab00000,0x00000000eab00000,0x00000000ebd00000)
  from space 4608K, 93% used [0x00000000ec580000,0x00000000ec9ba068,0x00000000eca00000)
  to   space 5632K, 0% used [0x00000000ebf00000,0x00000000ebf00000,0x00000000ec480000)
 ParOldGen       total 68608K, used 66257K [0x00000000c0000000, 0x00000000c4300000, 0x00000000eab00000)
  object space 68608K, 96% used [0x00000000c0000000,0x00000000c40b44b8,0x00000000c4300000)
 Metaspace       used 60611K, committed 61760K, reserved 1114112K
  class space    used 6427K, committed 6976K, reserved 1048576K
}
Event: 51.795 GC heap after
{Heap after GC invocations=44 (full 4):
 PSYoungGen      total 18944K, used 0K [0x00000000eab00000, 0x00000000ec800000, 0x0000000100000000)
  eden space 18432K, 0% used [0x00000000eab00000,0x00000000eab00000,0x00000000ebd00000)
  from space 512K, 0% used [0x00000000ebf00000,0x00000000ebf00000,0x00000000ebf80000)
  to   space 5632K, 0% used [0x00000000ec280000,0x00000000ec280000,0x00000000ec800000)
 ParOldGen       total 96768K, used 67477K [0x00000000c0000000, 0x00000000c5e80000, 0x00000000eab00000)
  object space 96768K, 69% used [0x00000000c0000000,0x00000000c41e5418,0x00000000c5e80000)
 Metaspace       used 60611K, committed 61760K, reserved 1114112K
  class space    used 6427K, committed 6976K, reserved 1048576K
}

